<?xml version="1.0" encoding="UTF-8"?>
<!-- Generated by org.testng.reporters.JUnitXMLReporter -->
<testsuite hostname="Preethy" ignored="0" name="Test" tests="6" failures="0" timestamp="2023-04-14T23:56:41 IST" time="0.07" errors="0">
  <testcase name="@BeforeMethod initilizeBrowser" time="-1.681496800941E9" classname="com.obsqura.testscripts.Base">
    <failure type="org.testng.TestNGException" message="
Parameter &amp;apos;browser&amp;apos; is required by BeforeMethod on method initilizeBrowser but has not been marked @Optional or defined
in E:\eclipse-workspace\SevenrmartSupermarket\parallel.xml">
      <![CDATA[org.testng.TestNGException: 
Parameter 'browser' is required by BeforeMethod on method initilizeBrowser but has not been marked @Optional or defined
in E:\eclipse-workspace\SevenrmartSupermarket\parallel.xml
at java.util.concurrent.ThreadPoolExecutor.runWorker(Unknown Source)
at java.util.concurrent.ThreadPoolExecutor$Worker.run(Unknown Source)
at java.lang.Thread.run(Unknown Source)
... Removed 13 stack frames]]>
    </failure>
  </testcase> <!-- @BeforeMethod initilizeBrowser -->
  <testcase name="@BeforeMethod initilizeBrowser" time="-1.681496800941E9" classname="com.obsqura.testscripts.Base">
    <failure type="org.testng.TestNGException" message="
Parameter &amp;apos;browser&amp;apos; is required by BeforeMethod on method initilizeBrowser but has not been marked @Optional or defined
in E:\eclipse-workspace\SevenrmartSupermarket\parallel.xml">
      <![CDATA[org.testng.TestNGException: 
Parameter 'browser' is required by BeforeMethod on method initilizeBrowser but has not been marked @Optional or defined
in E:\eclipse-workspace\SevenrmartSupermarket\parallel.xml
at java.util.concurrent.ThreadPoolExecutor.runWorker(Unknown Source)
at java.util.concurrent.ThreadPoolExecutor$Worker.run(Unknown Source)
at java.lang.Thread.run(Unknown Source)
... Removed 13 stack frames]]>
    </failure>
  </testcase> <!-- @BeforeMethod initilizeBrowser -->
  <testcase name="@AfterMethod browserQuit" time="0.002" classname="com.obsqura.testscripts.Base">
    <failure type="java.lang.NullPointerException">
      <![CDATA[java.lang.NullPointerException
at com.obsqura.testscripts.Base.browserQuit(Base.java:101)
at java.util.concurrent.ThreadPoolExecutor.runWorker(Unknown Source)
at java.util.concurrent.ThreadPoolExecutor$Worker.run(Unknown Source)
at java.lang.Thread.run(Unknown Source)
... Removed 17 stack frames]]>
    </failure>
  </testcase> <!-- @AfterMethod browserQuit -->
  <testcase name="@AfterMethod browserQuit" time="0.0" classname="com.obsqura.testscripts.Base">
    <failure type="java.lang.NullPointerException">
      <![CDATA[java.lang.NullPointerException
at com.obsqura.testscripts.Base.browserQuit(Base.java:101)
at java.util.concurrent.ThreadPoolExecutor.runWorker(Unknown Source)
at java.util.concurrent.ThreadPoolExecutor$Worker.run(Unknown Source)
at java.lang.Thread.run(Unknown Source)
... Removed 17 stack frames]]>
    </failure>
  </testcase> <!-- @AfterMethod browserQuit -->
  <testcase name="@BeforeMethod initilizeBrowser" time="-1.681496800966E9" classname="com.obsqura.testscripts.Base">
    <failure type="org.testng.TestNGException" message="
Parameter &amp;apos;browser&amp;apos; is required by BeforeMethod on method initilizeBrowser but has not been marked @Optional or defined
in E:\eclipse-workspace\SevenrmartSupermarket\parallel.xml">
      <![CDATA[org.testng.TestNGException: 
Parameter 'browser' is required by BeforeMethod on method initilizeBrowser but has not been marked @Optional or defined
in E:\eclipse-workspace\SevenrmartSupermarket\parallel.xml
at java.util.concurrent.ThreadPoolExecutor.runWorker(Unknown Source)
at java.util.concurrent.ThreadPoolExecutor$Worker.run(Unknown Source)
at java.lang.Thread.run(Unknown Source)
... Removed 13 stack frames]]>
    </failure>
  </testcase> <!-- @BeforeMethod initilizeBrowser -->
  <testcase name="@BeforeMethod initilizeBrowser" time="-1.681496800969E9" classname="com.obsqura.testscripts.Base">
    <failure type="org.testng.TestNGException" message="
Parameter &amp;apos;browser&amp;apos; is required by BeforeMethod on method initilizeBrowser but has not been marked @Optional or defined
in E:\eclipse-workspace\SevenrmartSupermarket\parallel.xml">
      <![CDATA[org.testng.TestNGException: 
Parameter 'browser' is required by BeforeMethod on method initilizeBrowser but has not been marked @Optional or defined
in E:\eclipse-workspace\SevenrmartSupermarket\parallel.xml
at java.util.concurrent.ThreadPoolExecutor.runWorker(Unknown Source)
at java.util.concurrent.ThreadPoolExecutor$Worker.run(Unknown Source)
at java.lang.Thread.run(Unknown Source)
... Removed 13 stack frames]]>
    </failure>
  </testcase> <!-- @BeforeMethod initilizeBrowser -->
  <testcase name="@AfterMethod browserQuit" time="0.001" classname="com.obsqura.testscripts.Base">
    <failure type="java.lang.NullPointerException">
      <![CDATA[java.lang.NullPointerException
at com.obsqura.testscripts.Base.browserQuit(Base.java:101)
at java.util.concurrent.ThreadPoolExecutor.runWorker(Unknown Source)
at java.util.concurrent.ThreadPoolExecutor$Worker.run(Unknown Source)
at java.lang.Thread.run(Unknown Source)
... Removed 17 stack frames]]>
    </failure>
  </testcase> <!-- @AfterMethod browserQuit -->
  <testcase name="@AfterMethod browserQuit" time="0.0" classname="com.obsqura.testscripts.Base">
    <failure type="java.lang.NullPointerException">
      <![CDATA[java.lang.NullPointerException
at com.obsqura.testscripts.Base.browserQuit(Base.java:101)
at java.util.concurrent.ThreadPoolExecutor.runWorker(Unknown Source)
at java.util.concurrent.ThreadPoolExecutor$Worker.run(Unknown Source)
at java.lang.Thread.run(Unknown Source)
... Removed 17 stack frames]]>
    </failure>
  </testcase> <!-- @AfterMethod browserQuit -->
  <testcase name="@BeforeMethod initilizeBrowser" time="-1.681496800977E9" classname="com.obsqura.testscripts.Base">
    <failure type="org.testng.TestNGException" message="
Parameter &amp;apos;browser&amp;apos; is required by BeforeMethod on method initilizeBrowser but has not been marked @Optional or defined
in E:\eclipse-workspace\SevenrmartSupermarket\parallel.xml">
      <![CDATA[org.testng.TestNGException: 
Parameter 'browser' is required by BeforeMethod on method initilizeBrowser but has not been marked @Optional or defined
in E:\eclipse-workspace\SevenrmartSupermarket\parallel.xml
at java.util.concurrent.ThreadPoolExecutor.runWorker(Unknown Source)
at java.util.concurrent.ThreadPoolExecutor$Worker.run(Unknown Source)
at java.lang.Thread.run(Unknown Source)
... Removed 13 stack frames]]>
    </failure>
  </testcase> <!-- @BeforeMethod initilizeBrowser -->
  <testcase name="@AfterMethod browserQuit" time="0.001" classname="com.obsqura.testscripts.Base">
    <failure type="java.lang.NullPointerException">
      <![CDATA[java.lang.NullPointerException
at com.obsqura.testscripts.Base.browserQuit(Base.java:101)
at java.util.concurrent.ThreadPoolExecutor.runWorker(Unknown Source)
at java.util.concurrent.ThreadPoolExecutor$Worker.run(Unknown Source)
at java.lang.Thread.run(Unknown Source)
... Removed 17 stack frames]]>
    </failure>
  </testcase> <!-- @AfterMethod browserQuit -->
  <testcase name="@BeforeMethod initilizeBrowser" time="-1.681496800985E9" classname="com.obsqura.testscripts.Base">
    <failure type="org.testng.TestNGException" message="
Parameter &amp;apos;browser&amp;apos; is required by BeforeMethod on method initilizeBrowser but has not been marked @Optional or defined
in E:\eclipse-workspace\SevenrmartSupermarket\parallel.xml">
      <![CDATA[org.testng.TestNGException: 
Parameter 'browser' is required by BeforeMethod on method initilizeBrowser but has not been marked @Optional or defined
in E:\eclipse-workspace\SevenrmartSupermarket\parallel.xml
at java.util.concurrent.ThreadPoolExecutor.runWorker(Unknown Source)
at java.util.concurrent.ThreadPoolExecutor$Worker.run(Unknown Source)
at java.lang.Thread.run(Unknown Source)
... Removed 13 stack frames]]>
    </failure>
  </testcase> <!-- @BeforeMethod initilizeBrowser -->
  <testcase name="@AfterMethod browserQuit" time="0.0" classname="com.obsqura.testscripts.Base">
    <failure type="java.lang.NullPointerException">
      <![CDATA[java.lang.NullPointerException
at com.obsqura.testscripts.Base.browserQuit(Base.java:101)
at java.util.concurrent.ThreadPoolExecutor.runWorker(Unknown Source)
at java.util.concurrent.ThreadPoolExecutor$Worker.run(Unknown Source)
at java.lang.Thread.run(Unknown Source)
... Removed 17 stack frames]]>
    </failure>
  </testcase> <!-- @AfterMethod browserQuit -->
  <testcase name="loginwithValidusernameandPassword" time="0.0" classname="com.obsqura.testscripts.LoginTest">
    <skipped/>
  </testcase> <!-- loginwithValidusernameandPassword -->
  <testcase name="VerifycolorofNewSearchResetbutton" time="0.0" classname="com.obsqura.testscripts.ExpenseCategorytoaddNewTest">
    <skipped/>
  </testcase> <!-- VerifycolorofNewSearchResetbutton -->
  <testcase name="loginwithValidusernameandPassword" time="0.0" classname="com.obsqura.testscripts.LoginTest">
    <skipped/>
  </testcase> <!-- loginwithValidusernameandPassword -->
  <testcase name="addandVerifyNewExpenceCategory" time="0.0" classname="com.obsqura.testscripts.ExpenseCategorytoaddNewTest">
    <skipped/>
  </testcase> <!-- addandVerifyNewExpenceCategory -->
  <testcase name="loginwithValidusernameandPassword" time="0.0" classname="com.obsqura.testscripts.LoginTest">
    <skipped/>
  </testcase> <!-- loginwithValidusernameandPassword -->
  <testcase name="loginwithValidusernameandPassword" time="0.0" classname="com.obsqura.testscripts.LoginTest">
    <skipped/>
  </testcase> <!-- loginwithValidusernameandPassword -->
</testsuite> <!-- Test -->
