<?xml version="1.0" encoding="UTF-8"?>
<testng-results skipped="0" failed="2" ignored="0" total="4" passed="2">
  <reporter-output>
  </reporter-output>
  <suite name="Suite" duration-ms="23070" started-at="2023-04-14T21:05:30 IST" finished-at="2023-04-14T21:05:53 IST">
    <groups>
    </groups>
    <test name="Test" duration-ms="23070" started-at="2023-04-14T21:05:30 IST" finished-at="2023-04-14T21:05:53 IST">
      <class name="com.obsqura.testscripts.LoginTest">
        <test-method status="PASS" signature="initilizeBrowser(java.lang.String)[pri:0, instance:com.obsqura.testscripts.LoginTest@21de60b4]" name="initilizeBrowser" is-config="true" duration-ms="6275" started-at="2023-04-14T21:05:30 IST" finished-at="2023-04-14T21:05:36 IST">
          <params>
            <param index="0">
              <value>
                <![CDATA[chrome]]>
              </value>
            </param>
          </params>
          <reporter-output>
          </reporter-output>
        </test-method> <!-- initilizeBrowser -->
        <test-method status="PASS" signature="loginwithValidusernameandPassword(java.lang.String,java.lang.String)[pri:0, instance:com.obsqura.testscripts.LoginTest@21de60b4]" name="loginwithValidusernameandPassword" duration-ms="1321" started-at="2023-04-14T21:05:36 IST" data-provider="LoginProvider" finished-at="2023-04-14T21:05:38 IST">
          <params>
            <param index="0">
              <value>
                <![CDATA[admin]]>
              </value>
            </param>
            <param index="1">
              <value>
                <![CDATA[admin]]>
              </value>
            </param>
          </params>
          <reporter-output>
          </reporter-output>
        </test-method> <!-- loginwithValidusernameandPassword -->
        <test-method status="PASS" signature="browserQuit(org.testng.ITestResult)[pri:0, instance:com.obsqura.testscripts.LoginTest@21de60b4]" name="browserQuit" is-config="true" duration-ms="1106" started-at="2023-04-14T21:05:38 IST" finished-at="2023-04-14T21:05:39 IST">
          <params>
            <param index="0">
              <value>
                <![CDATA[[TestResult name=loginwithValidusernameandPassword status=SUCCESS method=LoginTest.loginwithValidusernameandPassword(java.lang.String,java.lang.String)[pri:0, instance:com.obsqura.testscripts.LoginTest@21de60b4] output={null}]]]>
              </value>
            </param>
          </params>
          <reporter-output>
          </reporter-output>
        </test-method> <!-- browserQuit -->
        <test-method status="PASS" signature="initilizeBrowser(java.lang.String)[pri:0, instance:com.obsqura.testscripts.LoginTest@21de60b4]" name="initilizeBrowser" is-config="true" duration-ms="2926" started-at="2023-04-14T21:05:39 IST" finished-at="2023-04-14T21:05:42 IST">
          <params>
            <param index="0">
              <value>
                <![CDATA[chrome]]>
              </value>
            </param>
          </params>
          <reporter-output>
          </reporter-output>
        </test-method> <!-- initilizeBrowser -->
        <test-method status="FAIL" signature="loginwithValidusernameandPassword(java.lang.String,java.lang.String)[pri:0, instance:com.obsqura.testscripts.LoginTest@21de60b4]" name="loginwithValidusernameandPassword" duration-ms="493" started-at="2023-04-14T21:05:42 IST" data-provider="LoginProvider" finished-at="2023-04-14T21:05:42 IST">
          <params>
            <param index="0">
              <value>
                <![CDATA[admin]]>
              </value>
            </param>
            <param index="1">
              <value>
                <![CDATA[admin123]]>
              </value>
            </param>
          </params>
          <exception class="java.lang.AssertionError">
            <message>
              <![CDATA[Wrong username and password expected [true] but found [false]]]>
            </message>
            <full-stacktrace>
              <![CDATA[java.lang.AssertionError: Wrong username and password expected [true] but found [false]
at org.testng.Assert.fail(Assert.java:110)
at org.testng.Assert.failNotEquals(Assert.java:1413)
at org.testng.Assert.assertEqualsImpl(Assert.java:149)
at org.testng.Assert.assertEquals(Assert.java:131)
at org.testng.Assert.assertEquals(Assert.java:976)
at com.obsqura.testscripts.LoginTest.loginwithValidusernameandPassword(LoginTest.java:25)
at sun.reflect.NativeMethodAccessorImpl.invoke0(Native Method)
at sun.reflect.NativeMethodAccessorImpl.invoke(Unknown Source)
at sun.reflect.DelegatingMethodAccessorImpl.invoke(Unknown Source)
at java.lang.reflect.Method.invoke(Unknown Source)
at org.testng.internal.invokers.MethodInvocationHelper.invokeMethod(MethodInvocationHelper.java:135)
at org.testng.internal.invokers.TestInvoker.invokeMethod(TestInvoker.java:673)
at org.testng.internal.invokers.TestInvoker.invokeTestMethod(TestInvoker.java:220)
at org.testng.internal.invokers.MethodRunner.runInSequence(MethodRunner.java:50)
at org.testng.internal.invokers.TestInvoker$MethodInvocationAgent.invoke(TestInvoker.java:945)
at org.testng.internal.invokers.TestInvoker.invokeTestMethods(TestInvoker.java:193)
at org.testng.internal.invokers.TestMethodWorker.invokeTestMethods(TestMethodWorker.java:146)
at org.testng.internal.invokers.TestMethodWorker.run(TestMethodWorker.java:128)
at java.util.ArrayList.forEach(Unknown Source)
at org.testng.TestRunner.privateRun(TestRunner.java:808)
at org.testng.TestRunner.run(TestRunner.java:603)
at org.testng.SuiteRunner.runTest(SuiteRunner.java:429)
at org.testng.SuiteRunner.runSequentially(SuiteRunner.java:423)
at org.testng.SuiteRunner.privateRun(SuiteRunner.java:383)
at org.testng.SuiteRunner.run(SuiteRunner.java:326)
at org.testng.SuiteRunnerWorker.runSuite(SuiteRunnerWorker.java:52)
at org.testng.SuiteRunnerWorker.run(SuiteRunnerWorker.java:95)
at org.testng.TestNG.runSuitesSequentially(TestNG.java:1249)
at org.testng.TestNG.runSuitesLocally(TestNG.java:1169)
at org.testng.TestNG.runSuites(TestNG.java:1092)
at org.testng.TestNG.run(TestNG.java:1060)
at org.apache.maven.surefire.testng.TestNGExecutor.run(TestNGExecutor.java:284)
at org.apache.maven.surefire.testng.TestNGXmlTestSuite.execute(TestNGXmlTestSuite.java:75)
at org.apache.maven.surefire.testng.TestNGProvider.invoke(TestNGProvider.java:119)
at org.apache.maven.surefire.booter.ForkedBooter.runSuitesInProcess(ForkedBooter.java:428)
at org.apache.maven.surefire.booter.ForkedBooter.execute(ForkedBooter.java:162)
at org.apache.maven.surefire.booter.ForkedBooter.run(ForkedBooter.java:562)
at org.apache.maven.surefire.booter.ForkedBooter.main(ForkedBooter.java:548)
]]>
            </full-stacktrace>
          </exception> <!-- java.lang.AssertionError -->
          <reporter-output>
          </reporter-output>
        </test-method> <!-- loginwithValidusernameandPassword -->
        <test-method status="PASS" signature="browserQuit(org.testng.ITestResult)[pri:0, instance:com.obsqura.testscripts.LoginTest@21de60b4]" name="browserQuit" is-config="true" duration-ms="1022" started-at="2023-04-14T21:05:42 IST" finished-at="2023-04-14T21:05:43 IST">
          <params>
            <param index="0">
              <value>
                <![CDATA[[TestResult name=loginwithValidusernameandPassword status=FAILURE method=LoginTest.loginwithValidusernameandPassword(java.lang.String,java.lang.String)[pri:0, instance:com.obsqura.testscripts.LoginTest@21de60b4] output={null}]]]>
              </value>
            </param>
          </params>
          <reporter-output>
          </reporter-output>
        </test-method> <!-- browserQuit -->
        <test-method status="PASS" signature="initilizeBrowser(java.lang.String)[pri:0, instance:com.obsqura.testscripts.LoginTest@21de60b4]" name="initilizeBrowser" is-config="true" duration-ms="3518" started-at="2023-04-14T21:05:43 IST" finished-at="2023-04-14T21:05:47 IST">
          <params>
            <param index="0">
              <value>
                <![CDATA[chrome]]>
              </value>
            </param>
          </params>
          <reporter-output>
          </reporter-output>
        </test-method> <!-- initilizeBrowser -->
        <test-method status="FAIL" signature="loginwithValidusernameandPassword(java.lang.String,java.lang.String)[pri:0, instance:com.obsqura.testscripts.LoginTest@21de60b4]" name="loginwithValidusernameandPassword" duration-ms="527" started-at="2023-04-14T21:05:47 IST" data-provider="LoginProvider" finished-at="2023-04-14T21:05:47 IST">
          <params>
            <param index="0">
              <value>
                <![CDATA[admin111]]>
              </value>
            </param>
            <param index="1">
              <value>
                <![CDATA[admin]]>
              </value>
            </param>
          </params>
          <exception class="java.lang.AssertionError">
            <message>
              <![CDATA[Wrong username and password expected [false] but found [true]]]>
            </message>
            <full-stacktrace>
              <![CDATA[java.lang.AssertionError: Wrong username and password expected [false] but found [true]
at org.testng.Assert.fail(Assert.java:110)
at org.testng.Assert.failNotEquals(Assert.java:1413)
at org.testng.Assert.assertEqualsImpl(Assert.java:149)
at org.testng.Assert.assertEquals(Assert.java:131)
at org.testng.Assert.assertEquals(Assert.java:976)
at com.obsqura.testscripts.LoginTest.loginwithValidusernameandPassword(LoginTest.java:25)
at sun.reflect.NativeMethodAccessorImpl.invoke0(Native Method)
at sun.reflect.NativeMethodAccessorImpl.invoke(Unknown Source)
at sun.reflect.DelegatingMethodAccessorImpl.invoke(Unknown Source)
at java.lang.reflect.Method.invoke(Unknown Source)
at org.testng.internal.invokers.MethodInvocationHelper.invokeMethod(MethodInvocationHelper.java:135)
at org.testng.internal.invokers.TestInvoker.invokeMethod(TestInvoker.java:673)
at org.testng.internal.invokers.TestInvoker.invokeTestMethod(TestInvoker.java:220)
at org.testng.internal.invokers.MethodRunner.runInSequence(MethodRunner.java:50)
at org.testng.internal.invokers.TestInvoker$MethodInvocationAgent.invoke(TestInvoker.java:945)
at org.testng.internal.invokers.TestInvoker.invokeTestMethods(TestInvoker.java:193)
at org.testng.internal.invokers.TestMethodWorker.invokeTestMethods(TestMethodWorker.java:146)
at org.testng.internal.invokers.TestMethodWorker.run(TestMethodWorker.java:128)
at java.util.ArrayList.forEach(Unknown Source)
at org.testng.TestRunner.privateRun(TestRunner.java:808)
at org.testng.TestRunner.run(TestRunner.java:603)
at org.testng.SuiteRunner.runTest(SuiteRunner.java:429)
at org.testng.SuiteRunner.runSequentially(SuiteRunner.java:423)
at org.testng.SuiteRunner.privateRun(SuiteRunner.java:383)
at org.testng.SuiteRunner.run(SuiteRunner.java:326)
at org.testng.SuiteRunnerWorker.runSuite(SuiteRunnerWorker.java:52)
at org.testng.SuiteRunnerWorker.run(SuiteRunnerWorker.java:95)
at org.testng.TestNG.runSuitesSequentially(TestNG.java:1249)
at org.testng.TestNG.runSuitesLocally(TestNG.java:1169)
at org.testng.TestNG.runSuites(TestNG.java:1092)
at org.testng.TestNG.run(TestNG.java:1060)
at org.apache.maven.surefire.testng.TestNGExecutor.run(TestNGExecutor.java:284)
at org.apache.maven.surefire.testng.TestNGXmlTestSuite.execute(TestNGXmlTestSuite.java:75)
at org.apache.maven.surefire.testng.TestNGProvider.invoke(TestNGProvider.java:119)
at org.apache.maven.surefire.booter.ForkedBooter.runSuitesInProcess(ForkedBooter.java:428)
at org.apache.maven.surefire.booter.ForkedBooter.execute(ForkedBooter.java:162)
at org.apache.maven.surefire.booter.ForkedBooter.run(ForkedBooter.java:562)
at org.apache.maven.surefire.booter.ForkedBooter.main(ForkedBooter.java:548)
]]>
            </full-stacktrace>
          </exception> <!-- java.lang.AssertionError -->
          <reporter-output>
          </reporter-output>
        </test-method> <!-- loginwithValidusernameandPassword -->
        <test-method status="PASS" signature="browserQuit(org.testng.ITestResult)[pri:0, instance:com.obsqura.testscripts.LoginTest@21de60b4]" name="browserQuit" is-config="true" duration-ms="1170" started-at="2023-04-14T21:05:47 IST" finished-at="2023-04-14T21:05:48 IST">
          <params>
            <param index="0">
              <value>
                <![CDATA[[TestResult name=loginwithValidusernameandPassword status=FAILURE method=LoginTest.loginwithValidusernameandPassword(java.lang.String,java.lang.String)[pri:0, instance:com.obsqura.testscripts.LoginTest@21de60b4] output={null}]]]>
              </value>
            </param>
          </params>
          <reporter-output>
          </reporter-output>
        </test-method> <!-- browserQuit -->
        <test-method status="PASS" signature="initilizeBrowser(java.lang.String)[pri:0, instance:com.obsqura.testscripts.LoginTest@21de60b4]" name="initilizeBrowser" is-config="true" duration-ms="2732" started-at="2023-04-14T21:05:48 IST" finished-at="2023-04-14T21:05:51 IST">
          <params>
            <param index="0">
              <value>
                <![CDATA[chrome]]>
              </value>
            </param>
          </params>
          <reporter-output>
          </reporter-output>
        </test-method> <!-- initilizeBrowser -->
        <test-method status="PASS" signature="loginwithValidusernameandPassword(java.lang.String,java.lang.String)[pri:0, instance:com.obsqura.testscripts.LoginTest@21de60b4]" name="loginwithValidusernameandPassword" duration-ms="937" started-at="2023-04-14T21:05:51 IST" data-provider="LoginProvider" finished-at="2023-04-14T21:05:52 IST">
          <params>
            <param index="0">
              <value>
                <![CDATA[admin111]]>
              </value>
            </param>
            <param index="1">
              <value>
                <![CDATA[admin123]]>
              </value>
            </param>
          </params>
          <reporter-output>
          </reporter-output>
        </test-method> <!-- loginwithValidusernameandPassword -->
        <test-method status="PASS" signature="browserQuit(org.testng.ITestResult)[pri:0, instance:com.obsqura.testscripts.LoginTest@21de60b4]" name="browserQuit" is-config="true" duration-ms="963" started-at="2023-04-14T21:05:52 IST" finished-at="2023-04-14T21:05:53 IST">
          <params>
            <param index="0">
              <value>
                <![CDATA[[TestResult name=loginwithValidusernameandPassword status=SUCCESS method=LoginTest.loginwithValidusernameandPassword(java.lang.String,java.lang.String)[pri:0, instance:com.obsqura.testscripts.LoginTest@21de60b4] output={null}]]]>
              </value>
            </param>
          </params>
          <reporter-output>
          </reporter-output>
        </test-method> <!-- browserQuit -->
      </class> <!-- com.obsqura.testscripts.LoginTest -->
    </test> <!-- Test -->
  </suite> <!-- Suite -->
</testng-results>
